<?xml version="1.0" encoding="UTF-8"?>
<!-- Generated by org.testng.reporters.JUnitReportReporter -->
<testsuite hostname="Prajwal-PC" failures="0" tests="2" name="Facebook.VerifyLoginPageFB" time="6.520" errors="0" timestamp="2022-09-12T17:19:07 IST" skipped="0">
  <testcase classname="Facebook.VerifyLoginPageFB" name="VerifyLoginPage" time="5.354"/>
  <system-out/>
  <testcase classname="Facebook.VerifyLoginPageFB" name="VerifyCreateAccPOP" time="1.166"/>
  <system-out/>
</testsuite> <!-- Facebook.VerifyLoginPageFB -->
