<?xml version="1.0" encoding="UTF-8"?>
<!-- Generated by org.testng.reporters.JUnitReportReporter -->
<testsuite hostname="Prajwal-PC" failures="0" tests="2" name="openHRM_Testing.VarifyOrangeHRM_APP" time="7.106" errors="0" timestamp="2022-09-15T13:18:03 IST" skipped="0">
  <testcase classname="openHRM_Testing.VarifyOrangeHRM_APP" name="LoginPage" time="1.916"/>
  <system-out/>
  <testcase classname="openHRM_Testing.VarifyOrangeHRM_APP" name="HomePage" time="5.190"/>
  <system-out/>
</testsuite> <!-- openHRM_Testing.VarifyOrangeHRM_APP -->
