<?xml version="1.0" encoding="UTF-8"?>
<!-- Generated by org.testng.reporters.JUnitReportReporter -->
<testsuite hostname="Prajwal-PC" failures="0" tests="1" name="topics.AssertClass" time="0.119" errors="0" timestamp="2022-09-12T12:14:37 IST" skipped="0">
  <testcase classname="topics.AssertClass" name="VerifyLoginPage" time="0.119"/>
  <system-out/>
</testsuite> <!-- topics.AssertClass -->
