<?xml version="1.0" encoding="UTF-8"?>
<!-- Generated by org.testng.reporters.JUnitReportReporter -->
<testsuite hostname="Prajwal-PC" failures="0" tests="1" name="openHRM_Testing.TestNG_A" time="1.464" errors="0" timestamp="2022-09-12T10:40:12 IST" skipped="0">
  <testcase classname="openHRM_Testing.TestNG_A" name="verifyLoginPage" time="1.464"/>
  <system-out/>
</testsuite> <!-- openHRM_Testing.TestNG_A -->
